"D:/101 Unreal Projects/Banking/Banking-App/Content/DataBase/S_TransactionData.uasset" 0
"D:/101 Unreal Projects/Banking/Banking-App/Content/DataBase/S_TransactionData.uexp" 1
"D:/101 Unreal Projects/Banking/Banking-App/Content/DataBase/S_PersonAddress.uasset" 2
"D:/101 Unreal Projects/Banking/Banking-App/Content/DataBase/S_PersonAddress.uexp" 3
"D:/101 Unreal Projects/Banking/Banking-App/Content/DataBase/S_PersonalInfo.uasset" 4
"D:/101 Unreal Projects/Banking/Banking-App/Content/DataBase/S_PersonalInfo.uexp" 5
"D:/101 Unreal Projects/Banking/Banking-App/Content/Textures/T_ULBSCardBack.uasset" 6
"D:/101 Unreal Projects/Banking/Banking-App/Content/Textures/T_ULBSCardBack.uexp" 7
"D:/101 Unreal Projects/Banking/Banking-App/Content/DataBase/S_CardData.uasset" 8
"D:/101 Unreal Projects/Banking/Banking-App/Content/DataBase/S_CardData.uexp" 9
"D:/101 Unreal Projects/Banking/Banking-App/Content/DataBase/S_BankAccountData.uasset" 10
"D:/101 Unreal Projects/Banking/Banking-App/Content/DataBase/S_BankAccountData.uexp" 11
"D:/101 Unreal Projects/Banking/Banking-App/Content/DataBase/SaveClientsDataBase.uasset" 12
"D:/101 Unreal Projects/Banking/Banking-App/Content/DataBase/SaveClientsDataBase.uexp" 13
"D:/101 Unreal Projects/Banking/Banking-App/Content/BPI_Instance.uasset" 14
"D:/101 Unreal Projects/Banking/Banking-App/Content/BPI_Instance.uexp" 15
"../../../Engine/Content/Functions/Engine_MaterialFunctions02/Utility/VectorLength.uasset" 16
"../../../Engine/Content/Functions/Engine_MaterialFunctions02/Utility/VectorLength.uexp" 17
"../../../Engine/Content/Functions/Engine_MaterialFunctions01/Gradient/LinearGradient.uasset" 18
"../../../Engine/Content/Functions/Engine_MaterialFunctions01/Gradient/LinearGradient.uexp" 19
"../../../Engine/Content/Functions/Engine_MaterialFunctions01/Gradient/GeneratedRoundRect.uasset" 20
"../../../Engine/Content/Functions/Engine_MaterialFunctions01/Gradient/GeneratedRoundRect.uexp" 21
"D:/101 Unreal Projects/Banking/Banking-App/Content/Textures/M_RoundBorder.uasset" 22
"D:/101 Unreal Projects/Banking/Banking-App/Content/Textures/M_RoundBorder.uexp" 23
"D:/101 Unreal Projects/Banking/Banking-App/Content/Textures/M_RoundedCorners_Inst.uasset" 24
"D:/101 Unreal Projects/Banking/Banking-App/Content/Textures/M_RoundedCorners_Inst.uexp" 25
"D:/101 Unreal Projects/Banking/Banking-App/Content/Fonts/Montserrat-Black.uasset" 26
"D:/101 Unreal Projects/Banking/Banking-App/Content/Fonts/Montserrat-Black.uexp" 27
"D:/101 Unreal Projects/Banking/Banking-App/Content/Fonts/Montserrat-Black.ufont" 28
"D:/101 Unreal Projects/Banking/Banking-App/Content/Fonts/Montserrat-Light.uasset" 29
"D:/101 Unreal Projects/Banking/Banking-App/Content/Fonts/Montserrat-Light.uexp" 30
"D:/101 Unreal Projects/Banking/Banking-App/Content/Fonts/Montserrat-Light.ufont" 31
"D:/101 Unreal Projects/Banking/Banking-App/Content/Fonts/Montserrat-Thin.uasset" 32
"D:/101 Unreal Projects/Banking/Banking-App/Content/Fonts/Montserrat-Thin.uexp" 33
"D:/101 Unreal Projects/Banking/Banking-App/Content/Fonts/Montserrat-Thin.ufont" 34
"D:/101 Unreal Projects/Banking/Banking-App/Content/Textures/M_0RoundBorder_Inst.uasset" 35
"D:/101 Unreal Projects/Banking/Banking-App/Content/Textures/M_0RoundBorder_Inst.uexp" 36
"D:/101 Unreal Projects/Banking/Banking-App/Content/Textures/T_Avatar.uasset" 37
"D:/101 Unreal Projects/Banking/Banking-App/Content/Textures/T_Avatar.uexp" 38
"D:/101 Unreal Projects/Banking/Banking-App/Content/Textures/T_DefaultAvatar.uasset" 39
"D:/101 Unreal Projects/Banking/Banking-App/Content/Textures/T_DefaultAvatar.uexp" 40
"../../../Engine/Content/EngineMaterials/T_Default_Material_Grid_N.uasset" 41
"../../../Engine/Content/EngineMaterials/T_Default_Material_Grid_N.uexp" 42
"../../../Engine/Content/EngineMaterials/T_Default_Material_Grid_N.ubulk" 43
"../../../Engine/Content/EngineMaterials/T_Default_Material_Grid_M.uasset" 44
"../../../Engine/Content/EngineMaterials/T_Default_Material_Grid_M.uexp" 45
"../../../Engine/Content/EngineMaterials/T_Default_Material_Grid_M.ubulk" 46
"../../../Engine/Content/Functions/Engine_MaterialFunctions01/Opacity/CameraDepthFade.uasset" 47
"../../../Engine/Content/Functions/Engine_MaterialFunctions01/Opacity/CameraDepthFade.uexp" 48
"../../../Engine/Content/EngineMaterials/WorldGridMaterial.uasset" 49
"../../../Engine/Content/EngineMaterials/WorldGridMaterial.uexp" 50
"../../../Engine/Content/ArtTools/RenderToTexture/Meshes/S_1_Unit_Plane.uasset" 51
"../../../Engine/Content/ArtTools/RenderToTexture/Meshes/S_1_Unit_Plane.uexp" 52
"../../../Engine/Content/EngineMaterials/DefaultMaterial.uasset" 53
"../../../Engine/Content/EngineMaterials/DefaultMaterial.uexp" 54
"../../../Engine/Content/BasicShapes/Cone.uasset" 55
"../../../Engine/Content/BasicShapes/Cone.uexp" 56
"../../../Engine/Content/BasicShapes/Cube.uasset" 57
"../../../Engine/Content/BasicShapes/Cube.uexp" 58
"../../../Engine/Content/BasicShapes/Cylinder.uasset" 59
"../../../Engine/Content/BasicShapes/Cylinder.uexp" 60
"../../../Engine/Content/BasicShapes/Plane.uasset" 61
"../../../Engine/Content/BasicShapes/Plane.uexp" 62
"../../../Engine/Content/BasicShapes/Sphere.uasset" 63
"../../../Engine/Content/BasicShapes/Sphere.uexp" 64
"../../../Engine/Content/EditorLandscapeResources/DataLayer.uasset" 65
"../../../Engine/Content/EditorLandscapeResources/DataLayer.uexp" 66
"../../../Engine/Content/EditorLandscapeResources/DefaultAlphaTexture.uasset" 67
"../../../Engine/Content/EditorLandscapeResources/DefaultAlphaTexture.uexp" 68
"../../../Engine/Content/EditorMaterials/MAT_Groups_Toggle.uasset" 69
"../../../Engine/Content/EditorMaterials/MAT_Groups_Toggle.uexp" 70
"../../../Engine/Content/EditorMaterials/MAT_Groups_Visibility.uasset" 71
"../../../Engine/Content/EditorMaterials/MAT_Groups_Visibility.uexp" 72
"../../../Engine/Content/EditorMaterials/PreviewShadowIndicator.uasset" 73
"../../../Engine/Content/EditorMaterials/PreviewShadowIndicator.uexp" 74
"../../../Engine/Content/EditorMaterials/PreviewShadowIndicator.ubulk" 75
"../../../Engine/Content/EditorMaterials/PreviewShadowIndicatorMaterial.uasset" 76
"../../../Engine/Content/EditorMaterials/PreviewShadowIndicatorMaterial.uexp" 77
"../../../Engine/Content/EditorMaterials/MatineeGroups/MAT_ColorTrack.uasset" 78
"../../../Engine/Content/EditorMaterials/MatineeGroups/MAT_ColorTrack.uexp" 79
"../../../Engine/Content/EditorMaterials/MatineeGroups/MAT_Groups_Anim.uasset" 80
"../../../Engine/Content/EditorMaterials/MatineeGroups/MAT_Groups_Anim.uexp" 81
"../../../Engine/Content/EditorMaterials/MatineeGroups/MAT_Groups_AudioMaster.uasset" 82
"../../../Engine/Content/EditorMaterials/MatineeGroups/MAT_Groups_AudioMaster.uexp" 83
"../../../Engine/Content/EditorMaterials/MatineeGroups/MAT_Groups_Director.uasset" 84
"../../../Engine/Content/EditorMaterials/MatineeGroups/MAT_Groups_Director.uexp" 85
"../../../Engine/Content/EditorMaterials/MatineeGroups/MAT_Groups_Event.uasset" 86
"../../../Engine/Content/EditorMaterials/MatineeGroups/MAT_Groups_Event.uexp" 87
"../../../Engine/Content/EditorMaterials/MatineeGroups/MAT_Groups_Fade.uasset" 88
"../../../Engine/Content/EditorMaterials/MatineeGroups/MAT_Groups_Fade.uexp" 89
"../../../Engine/Content/EditorMaterials/MatineeGroups/MAT_Groups_Float.uasset" 90
"../../../Engine/Content/EditorMaterials/MatineeGroups/MAT_Groups_Float.uexp" 91
"../../../Engine/Content/EditorMaterials/MatineeGroups/MAT_Groups_Move.uasset" 92
"../../../Engine/Content/EditorMaterials/MatineeGroups/MAT_Groups_Move.uexp" 93
"../../../Engine/Content/EditorMaterials/MatineeGroups/MAT_Groups_Slomo.uasset" 94
"../../../Engine/Content/EditorMaterials/MatineeGroups/MAT_Groups_Slomo.uexp" 95
"../../../Engine/Content/EditorMaterials/MatineeGroups/MAT_Groups_Sound.uasset" 96
"../../../Engine/Content/EditorMaterials/MatineeGroups/MAT_Groups_Sound.uexp" 97
"../../../Engine/Content/EditorMaterials/MatineeGroups/MAT_Groups_Vector.uasset" 98
"../../../Engine/Content/EditorMaterials/MatineeGroups/MAT_Groups_Vector.uexp" 99
"../../../Engine/Content/EditorMaterials/ParticleSystems/PSysThumbnail_NoImage.uasset" 100
"../../../Engine/Content/EditorMaterials/ParticleSystems/PSysThumbnail_NoImage.uexp" 101
"../../../Engine/Content/EditorMaterials/ParticleSystems/PSysThumbnail_NoImage.ubulk" 102
"../../../Engine/Content/EditorMaterials/ParticleSystems/PSysThumbnail_OOD.uasset" 103
"../../../Engine/Content/EditorMaterials/ParticleSystems/PSysThumbnail_OOD.uexp" 104
"../../../Engine/Content/EditorMaterials/ParticleSystems/PSysThumbnail_OOD.ubulk" 105
"../../../Engine/Content/EditorMaterials/Camera/CineMat.uasset" 106
"../../../Engine/Content/EditorMaterials/Camera/CineMat.uexp" 107
"../../../Engine/Content/EditorMaterials/Camera/MI_CineMat_Rig.uasset" 108
"../../../Engine/Content/EditorMaterials/Camera/MI_CineMat_Rig.uexp" 109
"../../../Engine/Content/EditorMeshes/Camera/SM_CraneRig_Arm.uasset" 110
"../../../Engine/Content/EditorMeshes/Camera/SM_CraneRig_Arm.uexp" 111
"../../../Engine/Content/EditorMeshes/Camera/SM_CraneRig_Base.uasset" 112
"../../../Engine/Content/EditorMeshes/Camera/SM_CraneRig_Base.uexp" 113
"../../../Engine/Content/EditorMeshes/Camera/SM_CraneRig_Body.uasset" 114
"../../../Engine/Content/EditorMeshes/Camera/SM_CraneRig_Body.uexp" 115
"../../../Engine/Content/EditorMeshes/Camera/SM_CraneRig_Mount.uasset" 116
"../../../Engine/Content/EditorMeshes/Camera/SM_CraneRig_Mount.uexp" 117
"../../../Engine/Content/EditorMeshes/Camera/SM_RailRig_Mount.uasset" 118
"../../../Engine/Content/EditorMeshes/Camera/SM_RailRig_Mount.uexp" 119
"../../../Engine/Content/EditorMeshes/Camera/SM_RailRig_Track.uasset" 120
"../../../Engine/Content/EditorMeshes/Camera/SM_RailRig_Track.uexp" 121
"../../../Engine/Content/EditorResources/BSPVertex.uasset" 122
"../../../Engine/Content/EditorResources/BSPVertex.uexp" 123
"../../../Engine/Content/EditorResources/S_Actor.uasset" 124
"../../../Engine/Content/EditorResources/S_Actor.uexp" 125
"../../../Engine/Content/EditorResources/S_Actor.ubulk" 126
"../../../Engine/Content/EditorResources/S_Solver.uasset" 127
"../../../Engine/Content/EditorResources/S_Solver.uexp" 128
"../../../Engine/Content/EditorResources/S_Solver.ubulk" 129
"../../../Engine/Content/EditorResources/S_Terrain.uasset" 130
"../../../Engine/Content/EditorResources/S_Terrain.uexp" 131
"../../../Engine/Content/EditorResources/S_Terrain.ubulk" 132
"../../../Engine/Content/EditorResources/S_Trigger.uasset" 133
"../../../Engine/Content/EditorResources/S_Trigger.uexp" 134
"../../../Engine/Content/EditorResources/S_Trigger.ubulk" 135
"../../../Engine/Content/EditorResources/SequenceRecorder/Countdown.uasset" 136
"../../../Engine/Content/EditorResources/SequenceRecorder/Countdown.uexp" 137
"../../../Engine/Content/EditorResources/SequenceRecorder/RecordingIndicator.uasset" 138
"../../../Engine/Content/EditorResources/SequenceRecorder/RecordingIndicator.uexp" 139
"../../../Engine/Content/EngineDamageTypes/DmgTypeBP_Environmental.uasset" 140
"../../../Engine/Content/EngineDamageTypes/DmgTypeBP_Environmental.uexp" 141
"../../../Engine/Content/EngineDebugMaterials/DebugEditorMaterial.uasset" 142
"../../../Engine/Content/EngineDebugMaterials/DebugEditorMaterial.uexp" 143
"../../../Engine/Content/EngineDebugMaterials/DebugMeshMaterial.uasset" 144
"../../../Engine/Content/EngineDebugMaterials/DebugMeshMaterial.uexp" 145
"../../../Engine/Content/EngineDebugMaterials/M_SimpleUnlitTranslucent.uasset" 146
"../../../Engine/Content/EngineDebugMaterials/M_SimpleUnlitTranslucent.uexp" 147
"../../../Engine/Content/EngineMaterials/BaseFlattenNormalMap.uasset" 148
"../../../Engine/Content/EngineMaterials/BaseFlattenNormalMap.uexp" 149
"../../../Engine/Content/EngineMaterials/BaseFlattenGrayscaleMap.uasset" 150
"../../../Engine/Content/EngineMaterials/BaseFlattenGrayscaleMap.uexp" 151
"../../../Engine/Content/EngineMaterials/BaseFlattenEmissiveMap.uasset" 152
"../../../Engine/Content/EngineMaterials/BaseFlattenEmissiveMap.uexp" 153
"../../../Engine/Content/EngineMaterials/BaseFlattenDiffuseMap.uasset" 154
"../../../Engine/Content/EngineMaterials/BaseFlattenDiffuseMap.uexp" 155
"../../../Engine/Content/EngineMaterials/BaseFlattenMaterial.uasset" 156
"../../../Engine/Content/EngineMaterials/BaseFlattenMaterial.uexp" 157
"../../../Engine/Content/EngineMaterials/BlueNoise.uasset" 158
"../../../Engine/Content/EngineMaterials/BlueNoise.uexp" 159
"../../../Engine/Content/EngineMaterials/DefaultBloomKernel.uasset" 160
"../../../Engine/Content/EngineMaterials/DefaultBloomKernel.uexp" 161
"../../../Engine/Content/EngineMaterials/DefaultBokeh.uasset" 162
"../../../Engine/Content/EngineMaterials/DefaultBokeh.uexp" 163
"../../../Engine/Content/EngineMaterials/DefaultDiffuse.uasset" 164
"../../../Engine/Content/EngineMaterials/DefaultDiffuse.uexp" 165
"../../../Engine/Content/EngineMaterials/DefaultDiffuse.ubulk" 166
"../../../Engine/Content/EngineMaterials/DefaultDeferredDecalMaterial.uasset" 167
"../../../Engine/Content/EngineMaterials/DefaultDeferredDecalMaterial.uexp" 168
"../../../Engine/Content/EngineMaterials/DefaultLightFunctionMaterial.uasset" 169
"../../../Engine/Content/EngineMaterials/DefaultLightFunctionMaterial.uexp" 170
"../../../Engine/Content/EngineMaterials/DefaultPhysicalMaterial.uasset" 171
"../../../Engine/Content/EngineMaterials/DefaultPhysicalMaterial.uexp" 172
"../../../Engine/Content/Functions/Engine_MaterialFunctions02/Utility/BreakOutFloat2Components.uasset" 173
"../../../Engine/Content/Functions/Engine_MaterialFunctions02/Utility/BreakOutFloat2Components.uexp" 174
"../../../Engine/Content/EngineMaterials/DefaultPostProcessMaterial.uasset" 175
"../../../Engine/Content/EngineMaterials/DefaultPostProcessMaterial.uexp" 176
"../../../Engine/Content/EngineFonts/RobotoDistanceField.uasset" 177
"../../../Engine/Content/EngineFonts/RobotoDistanceField.uexp" 178
"../../../Engine/Content/EngineMaterials/DefaultTextMaterialOpaque.uasset" 179
"../../../Engine/Content/EngineMaterials/DefaultTextMaterialOpaque.uexp" 180
"../../../Engine/Content/EngineMaterials/DefaultWhiteGrid.uasset" 181
"../../../Engine/Content/EngineMaterials/DefaultWhiteGrid.uexp" 182
"../../../Engine/Content/EngineMaterials/DefaultWhiteGrid.ubulk" 183
"../../../Engine/Content/EngineMaterials/DefaultWhiteGrid_Low.uasset" 184
"../../../Engine/Content/EngineMaterials/DefaultWhiteGrid_Low.uexp" 185
"../../../Engine/Content/EngineMaterials/EmissiveMeshMaterial.uasset" 186
"../../../Engine/Content/EngineMaterials/EmissiveMeshMaterial.uexp" 187
"../../../Engine/Content/EngineMaterials/GizmoMaterial.uasset" 188
"../../../Engine/Content/EngineMaterials/GizmoMaterial.uexp" 189
"../../../Engine/Content/EngineMaterials/Good64x64TilingNoiseHighFreq.uasset" 190
"../../../Engine/Content/EngineMaterials/Good64x64TilingNoiseHighFreq.uexp" 191
"../../../Engine/Content/EngineMaterials/MiniFont.uasset" 192
"../../../Engine/Content/EngineMaterials/MiniFont.uexp" 193
"../../../Engine/Content/EngineMaterials/InvalidLightmapSettings.uasset" 194
"../../../Engine/Content/EngineMaterials/InvalidLightmapSettings.uexp" 195
"../../../Engine/Content/EngineMaterials/InvalidLightmapSettings.ubulk" 196
"../../../Engine/Content/EngineMaterials/M_InvalidLightmapSettings.uasset" 197
"../../../Engine/Content/EngineMaterials/M_InvalidLightmapSettings.uexp" 198
"../../../Engine/Content/Functions/Engine_MaterialFunctions02/WorldPositionOffset/CameraOffset.uasset" 199
"../../../Engine/Content/Functions/Engine_MaterialFunctions02/WorldPositionOffset/CameraOffset.uexp" 200
"../../../Engine/Content/EngineMaterials/PhAT_JointLimitMaterial.uasset" 201
"../../../Engine/Content/EngineMaterials/PhAT_JointLimitMaterial.uexp" 202
"../../../Engine/Content/EngineMaterials/DefaultCalibrationColor.uasset" 203
"../../../Engine/Content/EngineMaterials/DefaultCalibrationColor.uexp" 204
"../../../Engine/Content/EngineMaterials/PPM_DefaultCalibrationColor.uasset" 205
"../../../Engine/Content/EngineMaterials/PPM_DefaultCalibrationColor.uexp" 206
"../../../Engine/Content/EngineMaterials/DefaultCalibrationGrayscale.uasset" 207
"../../../Engine/Content/EngineMaterials/DefaultCalibrationGrayscale.uexp" 208
"../../../Engine/Content/EngineMaterials/PPM_DefaultCalibrationGrayscale.uasset" 209
"../../../Engine/Content/EngineMaterials/PPM_DefaultCalibrationGrayscale.uexp" 210
"../../../Engine/Content/EngineMaterials/PreintegratedSkinBRDF.uasset" 211
"../../../Engine/Content/EngineMaterials/PreintegratedSkinBRDF.uexp" 212
"../../../Engine/Content/EngineMaterials/RemoveSurfaceMaterial.uasset" 213
"../../../Engine/Content/EngineMaterials/RemoveSurfaceMaterial.uexp" 214
"../../../Engine/Content/EngineMaterials/WeightMapPlaceholderTexture.uasset" 215
"../../../Engine/Content/EngineMaterials/WeightMapPlaceholderTexture.uexp" 216
"../../../Engine/Content/EngineResources/WhiteSquareTexture.uasset" 217
"../../../Engine/Content/EngineResources/WhiteSquareTexture.uexp" 218
"../../../Engine/Content/EngineMaterials/Widget3DPassThrough.uasset" 219
"../../../Engine/Content/EngineMaterials/Widget3DPassThrough.uexp" 220
"../../../Engine/Content/EngineMaterials/Widget3DPassThrough_Masked.uasset" 221
"../../../Engine/Content/EngineMaterials/Widget3DPassThrough_Masked.uexp" 222
"../../../Engine/Content/EngineMaterials/Widget3DPassThrough_Opaque.uasset" 223
"../../../Engine/Content/EngineMaterials/Widget3DPassThrough_Opaque.uexp" 224
"../../../Engine/Content/EngineMaterials/Widget3DPassThrough_Masked_OneSided.uasset" 225
"../../../Engine/Content/EngineMaterials/Widget3DPassThrough_Masked_OneSided.uexp" 226
"../../../Engine/Content/EngineMaterials/Widget3DPassThrough_Opaque_OneSided.uasset" 227
"../../../Engine/Content/EngineMaterials/Widget3DPassThrough_Opaque_OneSided.uexp" 228
"../../../Engine/Content/EngineMaterials/Widget3DPassThrough_Translucent.uasset" 229
"../../../Engine/Content/EngineMaterials/Widget3DPassThrough_Translucent.uexp" 230
"../../../Engine/Content/EngineMaterials/Widget3DPassThrough_Translucent_OneSided.uasset" 231
"../../../Engine/Content/EngineMaterials/Widget3DPassThrough_Translucent_OneSided.uexp" 232
"../../../Engine/Content/EngineMeshes/Sphere.uasset" 233
"../../../Engine/Content/EngineMeshes/Sphere.uexp" 234
"../../../Engine/Content/EngineResources/Black.uasset" 235
"../../../Engine/Content/EngineResources/Black.uexp" 236
"../../../Engine/Content/EngineResources/DefaultTextureCube.uasset" 237
"../../../Engine/Content/EngineResources/DefaultTextureCube.uexp" 238
"../../../Engine/Content/EngineResources/DefaultVolumeTexture2D.uasset" 239
"../../../Engine/Content/EngineResources/DefaultVolumeTexture2D.uexp" 240
"../../../Engine/Content/EngineResources/DefaultVolumeTexture.uasset" 241
"../../../Engine/Content/EngineResources/DefaultVolumeTexture.uexp" 242
"../../../Engine/Content/EngineResources/GradientTexture0.uasset" 243
"../../../Engine/Content/EngineResources/GradientTexture0.uexp" 244
"../../../Engine/Content/EngineSky/VolumetricClouds/T_NoiseShape64.uasset" 245
"../../../Engine/Content/EngineSky/VolumetricClouds/T_NoiseShape64.uexp" 246
"../../../Engine/Content/EngineSky/VolumetricClouds/T_NoiseShape64.ubulk" 247
"../../../Engine/Content/EngineSky/VolumetricClouds/T_VolumeNoiseShape64.uasset" 248
"../../../Engine/Content/EngineSky/VolumetricClouds/T_VolumeNoiseShape64.uexp" 249
"../../../Engine/Content/EngineSky/VolumetricClouds/T_NoiseErosion.uasset" 250
"../../../Engine/Content/EngineSky/VolumetricClouds/T_NoiseErosion.uexp" 251
"../../../Engine/Content/EngineSky/VolumetricClouds/T_NoiseErosion.ubulk" 252
"../../../Engine/Content/EngineSky/VolumetricClouds/T_VolumeNoiseErosion32.uasset" 253
"../../../Engine/Content/EngineSky/VolumetricClouds/T_VolumeNoiseErosion32.uexp" 254
"../../../Engine/Content/Functions/Engine_MaterialFunctions02/Utility/MakeFloat2.uasset" 255
"../../../Engine/Content/Functions/Engine_MaterialFunctions02/Utility/MakeFloat2.uexp" 256
"../../../Engine/Content/EngineSky/VolumetricClouds/CloudWeatherTexture.uasset" 257
"../../../Engine/Content/EngineSky/VolumetricClouds/CloudWeatherTexture.uexp" 258
"../../../Engine/Content/EngineSky/VolumetricClouds/CloudGradientTexture.uasset" 259
"../../../Engine/Content/EngineSky/VolumetricClouds/CloudGradientTexture.uexp" 260
"../../../Engine/Content/EngineSky/VolumetricClouds/m_SimpleVolumetricCloud.uasset" 261
"../../../Engine/Content/EngineSky/VolumetricClouds/m_SimpleVolumetricCloud.uexp" 262
"../../../Engine/Content/EngineSky/VolumetricClouds/m_SimpleVolumetricCloud_Inst.uasset" 263
"../../../Engine/Content/EngineSky/VolumetricClouds/m_SimpleVolumetricCloud_Inst.uexp" 264
"../../../Engine/Content/EngineSounds/Master.uasset" 265
"../../../Engine/Content/EngineSounds/Master.uexp" 266
"../../../Engine/Content/Functions/Engine_MaterialFunctions01/Shading/ConvertFromDiffSpec.uasset" 267
"../../../Engine/Content/Functions/Engine_MaterialFunctions01/Shading/ConvertFromDiffSpec.uexp" 268
"../../../Engine/Content/Functions/Engine_MaterialFunctions01/Shading/PowerToRoughness.uasset" 269
"../../../Engine/Content/Functions/Engine_MaterialFunctions01/Shading/PowerToRoughness.uexp" 270
"../../../Engine/Content/Maps/Templates/Thumbnails/Default.uasset" 271
"../../../Engine/Content/Maps/Templates/Thumbnails/Default.uexp" 272
"../../../Engine/Content/Maps/Templates/Thumbnails/TimeOfDay.uasset" 273
"../../../Engine/Content/Maps/Templates/Thumbnails/TimeOfDay.uexp" 274
"../../../Engine/Content/Maps/Templates/Thumbnails/VR-Basic.uasset" 275
"../../../Engine/Content/Maps/Templates/Thumbnails/VR-Basic.uexp" 276
"../../../Engine/Content/MobileResources/T_MobileControls_texture.uasset" 277
"../../../Engine/Content/MobileResources/T_MobileControls_texture.uexp" 278
"../../../Engine/Content/MobileResources/T_MobileMenu2.uasset" 279
"../../../Engine/Content/MobileResources/T_MobileMenu2.uexp" 280
"../../../Engine/Content/MobileResources/HUD/AnalogHat.uasset" 281
"../../../Engine/Content/MobileResources/HUD/AnalogHat.uexp" 282
"../../../Engine/Content/MobileResources/HUD/VirtualJoystick_Thumb.uasset" 283
"../../../Engine/Content/MobileResources/HUD/VirtualJoystick_Thumb.uexp" 284
"../../../Engine/Content/MobileResources/HUD/VirtualJoystick_Background.uasset" 285
"../../../Engine/Content/MobileResources/HUD/VirtualJoystick_Background.uexp" 286
"../../../Engine/Content/MobileResources/HUD/DefaultVirtualJoysticks.uasset" 287
"../../../Engine/Content/MobileResources/HUD/DefaultVirtualJoysticks.uexp" 288
"../../../Engine/Content/MobileResources/HUD/LeftVirtualJoystickOnly.uasset" 289
"../../../Engine/Content/MobileResources/HUD/LeftVirtualJoystickOnly.uexp" 290
"../../../Engine/Content/MobileResources/HUD/MobileHUDButton1_off.uasset" 291
"../../../Engine/Content/MobileResources/HUD/MobileHUDButton1_off.uexp" 292
"../../../Engine/Content/MobileResources/HUD/MobileHUDButton1_on.uasset" 293
"../../../Engine/Content/MobileResources/HUD/MobileHUDButton1_on.uexp" 294
"../../../Engine/Content/MobileResources/HUD/MobileHUDButton2_off.uasset" 295
"../../../Engine/Content/MobileResources/HUD/MobileHUDButton2_off.uexp" 296
"../../../Engine/Content/MobileResources/HUD/MobileHUDButton2_on.uasset" 297
"../../../Engine/Content/MobileResources/HUD/MobileHUDButton2_on.uexp" 298
"../../../Engine/Content/MobileResources/HUD/MobileHUDButton3.uasset" 299
"../../../Engine/Content/MobileResources/HUD/MobileHUDButton3.uexp" 300
"../../../Engine/Content/MobileResources/HUD/MobileHUDButtonFire.uasset" 301
"../../../Engine/Content/MobileResources/HUD/MobileHUDButtonFire.uexp" 302
"../../../Engine/Content/MobileResources/HUD/MobileHUDDirectionPad.uasset" 303
"../../../Engine/Content/MobileResources/HUD/MobileHUDDirectionPad.uexp" 304
"../../../Engine/Content/MobileResources/HUD/MobileHUDDirectionPad2.uasset" 305
"../../../Engine/Content/MobileResources/HUD/MobileHUDDirectionPad2.uexp" 306
"../../../Engine/Content/MobileResources/HUD/MobileHUDDirectionPad3.uasset" 307
"../../../Engine/Content/MobileResources/HUD/MobileHUDDirectionPad3.uexp" 308
"../../../Engine/Content/MobileResources/HUD/MobileHUDDirectionStick.uasset" 309
"../../../Engine/Content/MobileResources/HUD/MobileHUDDirectionStick.uexp" 310
"../../../Engine/Content/MobileResources/HUD/T_Castle_ThumbstickInner.uasset" 311
"../../../Engine/Content/MobileResources/HUD/T_Castle_ThumbstickInner.uexp" 312
"../../../Engine/Content/MobileResources/HUD/T_Castle_ThumbstickOutter.uasset" 313
"../../../Engine/Content/MobileResources/HUD/T_Castle_ThumbstickOutter.uexp" 314
"../../../Engine/Content/Tutorial/ContentIntroCurve.uasset" 315
"../../../Engine/Content/Tutorial/ContentIntroCurve.uexp" 316
"../../../Engine/Content/Tutorial/Basics/TutorialAssets/icon_tab_Levels_40x.uasset" 317
"../../../Engine/Content/Tutorial/Basics/TutorialAssets/icon_tab_Levels_40x.uexp" 318
"../../../Engine/Content/Tutorial/Landscape/TutorialAssets/Landscape.uasset" 319
"../../../Engine/Content/Tutorial/Landscape/TutorialAssets/Landscape.uexp" 320
"../../../Engine/Content/EditorBlueprintResources/StandardMacros.uasset" 321
"../../../Engine/Content/EditorBlueprintResources/StandardMacros.uexp" 322
"../../../Engine/Content/VREditor/TransformGizmo/TranslucentTransformGizmoMaterial.uasset" 323
"../../../Engine/Content/VREditor/TransformGizmo/TranslucentTransformGizmoMaterial.uexp" 324
"../../../Engine/Content/VREditor/LaserPointer/VR_LaserPower_01.uasset" 325
"../../../Engine/Content/VREditor/LaserPointer/VR_LaserPower_01.uexp" 326
"../../../Engine/Content/VREditor/LaserPointer/VR_LaserPower_01.ubulk" 327
"../../../Engine/Content/VREditor/TransformGizmo/TransformGizmoMaterial.uasset" 328
"../../../Engine/Content/VREditor/TransformGizmo/TransformGizmoMaterial.uexp" 329
"../../../Engine/Content/VREditor/TransformGizmo/BoundingBoxCorner.uasset" 330
"../../../Engine/Content/VREditor/TransformGizmo/BoundingBoxCorner.uexp" 331
"../../../Engine/Content/VREditor/TransformGizmo/BoundingBoxEdge.uasset" 332
"../../../Engine/Content/VREditor/TransformGizmo/BoundingBoxEdge.uexp" 333
"../../../Engine/Content/VREditor/TransformGizmo/PlaneTranslationHandle.uasset" 334
"../../../Engine/Content/VREditor/TransformGizmo/PlaneTranslationHandle.uexp" 335
"../../../Engine/Content/VREditor/TransformGizmo/Xray.uasset" 336
"../../../Engine/Content/VREditor/TransformGizmo/Xray.uexp" 337
"../../../Engine/Content/VREditor/TransformGizmo/Main.uasset" 338
"../../../Engine/Content/VREditor/TransformGizmo/Main.uexp" 339
"../../../Engine/Content/VREditor/TransformGizmo/SM_Sequencer_Key.uasset" 340
"../../../Engine/Content/VREditor/TransformGizmo/SM_Sequencer_Key.uexp" 341
"../../../Engine/Content/VREditor/TransformGizmo/SM_Sequencer_Node.uasset" 342
"../../../Engine/Content/VREditor/TransformGizmo/SM_Sequencer_Node.uexp" 343
"D:/101 Unreal Projects/Banking/Banking-App/Content/Textures/T_Background2.uasset" 344
"D:/101 Unreal Projects/Banking/Banking-App/Content/Textures/T_Background2.uexp" 345
"../../../Engine/Content/EngineFonts/Faces/RobotoRegular.uasset" 346
"../../../Engine/Content/EngineFonts/Faces/RobotoRegular.uexp" 347
"../../../Engine/Content/EngineFonts/Faces/RobotoRegular.ufont" 348
"../../../Engine/Content/EngineFonts/Faces/RobotoLight.uasset" 349
"../../../Engine/Content/EngineFonts/Faces/RobotoLight.uexp" 350
"../../../Engine/Content/EngineFonts/Faces/RobotoLight.ufont" 351
"../../../Engine/Content/EngineFonts/Faces/RobotoItalic.uasset" 352
"../../../Engine/Content/EngineFonts/Faces/RobotoItalic.uexp" 353
"../../../Engine/Content/EngineFonts/Faces/RobotoItalic.ufont" 354
"../../../Engine/Content/EngineFonts/Faces/RobotoBoldItalic.uasset" 355
"../../../Engine/Content/EngineFonts/Faces/RobotoBoldItalic.uexp" 356
"../../../Engine/Content/EngineFonts/Faces/RobotoBoldItalic.ufont" 357
"../../../Engine/Content/EngineFonts/Faces/RobotoBold.uasset" 358
"../../../Engine/Content/EngineFonts/Faces/RobotoBold.uexp" 359
"../../../Engine/Content/EngineFonts/Faces/RobotoBold.ufont" 360
"../../../Engine/Content/EngineFonts/Faces/DroidSansFallback.uasset" 361
"../../../Engine/Content/EngineFonts/Faces/DroidSansFallback.uexp" 362
"../../../Engine/Content/EngineFonts/Faces/DroidSansFallback.ufont" 363
"../../../Engine/Content/EngineFonts/Roboto.uasset" 364
"../../../Engine/Content/EngineFonts/Roboto.uexp" 365
"D:/101 Unreal Projects/Banking/Banking-App/Content/UI_CustomEntryBox.uasset" 366
"D:/101 Unreal Projects/Banking/Banking-App/Content/UI_CustomEntryBox.uexp" 367
"D:/101 Unreal Projects/Banking/Banking-App/Content/Fonts/Montserrat-Regular.uasset" 368
"D:/101 Unreal Projects/Banking/Banking-App/Content/Fonts/Montserrat-Regular.uexp" 369
"D:/101 Unreal Projects/Banking/Banking-App/Content/Fonts/Montserrat-Regular.ufont" 370
"D:/101 Unreal Projects/Banking/Banking-App/Content/Fonts/Montserrat-Bold.uasset" 371
"D:/101 Unreal Projects/Banking/Banking-App/Content/Fonts/Montserrat-Bold.uexp" 372
"D:/101 Unreal Projects/Banking/Banking-App/Content/Fonts/Montserrat-Bold.ufont" 373
"D:/101 Unreal Projects/Banking/Banking-App/Content/Fonts/Montserrat_Font.uasset" 374
"D:/101 Unreal Projects/Banking/Banking-App/Content/Fonts/Montserrat_Font.uexp" 375
"D:/101 Unreal Projects/Banking/Banking-App/Content/UI_ChatWindowText.uasset" 376
"D:/101 Unreal Projects/Banking/Banking-App/Content/UI_ChatWindowText.uexp" 377
"D:/101 Unreal Projects/Banking/Banking-App/Content/Textures/T_VisaLogo.uasset" 378
"D:/101 Unreal Projects/Banking/Banking-App/Content/Textures/T_VisaLogo.uexp" 379
"D:/101 Unreal Projects/Banking/Banking-App/Content/Textures/T_MastercardLogo.uasset" 380
"D:/101 Unreal Projects/Banking/Banking-App/Content/Textures/T_MastercardLogo.uexp" 381
"D:/101 Unreal Projects/Banking/Banking-App/Content/UI_Card.uasset" 382
"D:/101 Unreal Projects/Banking/Banking-App/Content/UI_Card.uexp" 383
"D:/101 Unreal Projects/Banking/Banking-App/Content/Textures/T_Card_9.uasset" 384
"D:/101 Unreal Projects/Banking/Banking-App/Content/Textures/T_Card_9.uexp" 385
"D:/101 Unreal Projects/Banking/Banking-App/Content/Textures/T_Card_8.uasset" 386
"D:/101 Unreal Projects/Banking/Banking-App/Content/Textures/T_Card_8.uexp" 387
"D:/101 Unreal Projects/Banking/Banking-App/Content/Textures/T_Card_7.uasset" 388
"D:/101 Unreal Projects/Banking/Banking-App/Content/Textures/T_Card_7.uexp" 389
"D:/101 Unreal Projects/Banking/Banking-App/Content/Textures/T_Card_6.uasset" 390
"D:/101 Unreal Projects/Banking/Banking-App/Content/Textures/T_Card_6.uexp" 391
"D:/101 Unreal Projects/Banking/Banking-App/Content/Textures/T_Card_5.uasset" 392
"D:/101 Unreal Projects/Banking/Banking-App/Content/Textures/T_Card_5.uexp" 393
"D:/101 Unreal Projects/Banking/Banking-App/Content/Textures/T_Card_4.uasset" 394
"D:/101 Unreal Projects/Banking/Banking-App/Content/Textures/T_Card_4.uexp" 395
"D:/101 Unreal Projects/Banking/Banking-App/Content/Textures/T_Card_3.uasset" 396
"D:/101 Unreal Projects/Banking/Banking-App/Content/Textures/T_Card_3.uexp" 397
"D:/101 Unreal Projects/Banking/Banking-App/Content/Textures/T_Card_2.uasset" 398
"D:/101 Unreal Projects/Banking/Banking-App/Content/Textures/T_Card_2.uexp" 399
"D:/101 Unreal Projects/Banking/Banking-App/Content/Textures/T_Card_12.uasset" 400
"D:/101 Unreal Projects/Banking/Banking-App/Content/Textures/T_Card_12.uexp" 401
"D:/101 Unreal Projects/Banking/Banking-App/Content/Textures/T_Card_11.uasset" 402
"D:/101 Unreal Projects/Banking/Banking-App/Content/Textures/T_Card_11.uexp" 403
"D:/101 Unreal Projects/Banking/Banking-App/Content/Textures/T_Card_10.uasset" 404
"D:/101 Unreal Projects/Banking/Banking-App/Content/Textures/T_Card_10.uexp" 405
"D:/101 Unreal Projects/Banking/Banking-App/Content/Textures/T_Card_1.uasset" 406
"D:/101 Unreal Projects/Banking/Banking-App/Content/Textures/T_Card_1.uexp" 407
"D:/101 Unreal Projects/Banking/Banking-App/Content/UI_AddCard.uasset" 408
"D:/101 Unreal Projects/Banking/Banking-App/Content/UI_AddCard.uexp" 409
"D:/101 Unreal Projects/Banking/Banking-App/Content/Textures/T_Info.uasset" 410
"D:/101 Unreal Projects/Banking/Banking-App/Content/Textures/T_Info.uexp" 411
"D:/101 Unreal Projects/Banking/Banking-App/Content/Textures/T_RomanianFlag.uasset" 412
"D:/101 Unreal Projects/Banking/Banking-App/Content/Textures/T_RomanianFlag.uexp" 413
"../../../Engine/Content/EngineResources/DefaultTexture.uasset" 414
"../../../Engine/Content/EngineResources/DefaultTexture.uexp" 415
"../../../Engine/Content/EngineResources/DefaultTexture.ubulk" 416
"D:/101 Unreal Projects/Banking/Banking-App/Content/Textures/M_RoundUIMask.uasset" 417
"D:/101 Unreal Projects/Banking/Banking-App/Content/Textures/M_RoundUIMask.uexp" 418
"D:/101 Unreal Projects/Banking/Banking-App/Content/UI_SendMoney.uasset" 419
"D:/101 Unreal Projects/Banking/Banking-App/Content/UI_SendMoney.uexp" 420
"D:/101 Unreal Projects/Banking/Banking-App/Content/UI_AccountTable.uasset" 421
"D:/101 Unreal Projects/Banking/Banking-App/Content/UI_AccountTable.uexp" 422
"../../../Engine/Content/EditorLandscapeResources/WhiteSquareTexture.uasset" 423
"../../../Engine/Content/EditorLandscapeResources/WhiteSquareTexture.uexp" 424
"D:/101 Unreal Projects/Banking/Banking-App/Content/Textures/T_Bank.uasset" 425
"D:/101 Unreal Projects/Banking/Banking-App/Content/Textures/T_Bank.uexp" 426
"D:/101 Unreal Projects/Banking/Banking-App/Content/Textures/T_DebitCard.uasset" 427
"D:/101 Unreal Projects/Banking/Banking-App/Content/Textures/T_DebitCard.uexp" 428
"D:/101 Unreal Projects/Banking/Banking-App/Content/Textures/T_LogOut.uasset" 429
"D:/101 Unreal Projects/Banking/Banking-App/Content/Textures/T_LogOut.uexp" 430
"D:/101 Unreal Projects/Banking/Banking-App/Content/Textures/T_MainPage.uasset" 431
"D:/101 Unreal Projects/Banking/Banking-App/Content/Textures/T_MainPage.uexp" 432
"D:/101 Unreal Projects/Banking/Banking-App/Content/Textures/view.uasset" 433
"D:/101 Unreal Projects/Banking/Banking-App/Content/Textures/view.uexp" 434
"D:/101 Unreal Projects/Banking/Banking-App/Content/UI_Transaction.uasset" 435
"D:/101 Unreal Projects/Banking/Banking-App/Content/UI_Transaction.uexp" 436
"D:/101 Unreal Projects/Banking/Banking-App/Content/UI_MainApp.uasset" 437
"D:/101 Unreal Projects/Banking/Banking-App/Content/UI_MainApp.uexp" 438
"D:/101 Unreal Projects/Banking/Banking-App/Content/UI_2FA.uasset" 439
"D:/101 Unreal Projects/Banking/Banking-App/Content/UI_2FA.uexp" 440
"D:/101 Unreal Projects/Banking/Banking-App/Content/BP_Instance.uasset" 441
"D:/101 Unreal Projects/Banking/Banking-App/Content/BP_Instance.uexp" 442
"D:/101 Unreal Projects/Banking/Banking-App/Content/Textures/T_Logo.uasset" 443
"D:/101 Unreal Projects/Banking/Banking-App/Content/Textures/T_Logo.uexp" 444
"D:/101 Unreal Projects/Banking/Banking-App/Content/Textures/T_Register.uasset" 445
"D:/101 Unreal Projects/Banking/Banking-App/Content/Textures/T_Register.uexp" 446
"D:/101 Unreal Projects/Banking/Banking-App/Content/Textures/T_Register2.uasset" 447
"D:/101 Unreal Projects/Banking/Banking-App/Content/Textures/T_Register2.uexp" 448
"D:/101 Unreal Projects/Banking/Banking-App/Content/Textures/T_Background.uasset" 449
"D:/101 Unreal Projects/Banking/Banking-App/Content/Textures/T_Background.uexp" 450
"D:/101 Unreal Projects/Banking/Banking-App/Content/UI_RegisterWindow.uasset" 451
"D:/101 Unreal Projects/Banking/Banking-App/Content/UI_RegisterWindow.uexp" 452
"D:/101 Unreal Projects/Banking/Banking-App/Content/UI_LoginWindow.uasset" 453
"D:/101 Unreal Projects/Banking/Banking-App/Content/UI_LoginWindow.uexp" 454
"D:/101 Unreal Projects/Banking/Banking-App/Content/BP_Controller.uasset" 455
"D:/101 Unreal Projects/Banking/Banking-App/Content/BP_Controller.uexp" 456
"D:/101 Unreal Projects/Banking/Banking-App/Content/BP_Server.uasset" 457
"D:/101 Unreal Projects/Banking/Banking-App/Content/BP_Server.uexp" 458
"D:/101 Unreal Projects/Banking/Banking-App/Content/0.uexp" 459
"D:/101 Unreal Projects/Banking/Banking-App/Content/0.umap" 460
"../../../Engine/Content/Maps/Entry_BuiltData.uasset" 461
"../../../Engine/Content/Maps/Entry_BuiltData.uexp" 462
"../../../Engine/Content/Maps/Entry.uexp" 463
"../../../Engine/Content/Maps/Entry.umap" 464
